Using pre-set license
Built from '2021.3/staging' branch; Version is '2021.3.7f1 (24e8595d6d43) revision 2418777'; Using compiler version '192829333'; Build Type 'Release'
OS: 'Windows 10  (10.0.19044) 64bit Education' Language: 'ko' Physical Memory: 16217 MB
BatchMode: 1, IsHumanControllingUs: 0, StartBugReporterOnCrash: 0, Is64bit: 1, IsPro: 1

COMMAND LINE ARGUMENTS:
C:\Program Files\Unity\Hub\Editor\2021.3.7f1\Editor\Unity.exe
-adb2
-batchMode
-noUpm
-name
AssetImportWorker0
-projectPath
C:/Users/Hoon/Desktop/Github/Monster_gun/Monster_gun
-logFile
Logs/AssetImportWorker0.log
-srvPort
5825
Successfully changed project path to: C:/Users/Hoon/Desktop/Github/Monster_gun/Monster_gun
C:/Users/Hoon/Desktop/Github/Monster_gun/Monster_gun
[UnityMemory] Configuration Parameters - Can be set up in boot.config
    "memorysetup-bucket-allocator-granularity=16"
    "memorysetup-bucket-allocator-bucket-count=8"
    "memorysetup-bucket-allocator-block-size=33554432"
    "memorysetup-bucket-allocator-block-count=8"
    "memorysetup-main-allocator-block-size=16777216"
    "memorysetup-thread-allocator-block-size=16777216"
    "memorysetup-gfx-main-allocator-block-size=16777216"
    "memorysetup-gfx-thread-allocator-block-size=16777216"
    "memorysetup-cache-allocator-block-size=4194304"
    "memorysetup-typetree-allocator-block-size=2097152"
    "memorysetup-profiler-bucket-allocator-granularity=16"
    "memorysetup-profiler-bucket-allocator-bucket-count=8"
    "memorysetup-profiler-bucket-allocator-block-size=33554432"
    "memorysetup-profiler-bucket-allocator-block-count=8"
    "memorysetup-profiler-allocator-block-size=16777216"
    "memorysetup-profiler-editor-allocator-block-size=1048576"
    "memorysetup-temp-allocator-size-main=16777216"
    "memorysetup-job-temp-allocator-block-size=2097152"
    "memorysetup-job-temp-allocator-block-size-background=1048576"
    "memorysetup-job-temp-allocator-reduction-small-platforms=262144"
    "memorysetup-temp-allocator-size-background-worker=32768"
    "memorysetup-temp-allocator-size-job-worker=262144"
    "memorysetup-temp-allocator-size-preload-manager=33554432"
    "memorysetup-temp-allocator-size-nav-mesh-worker=65536"
    "memorysetup-temp-allocator-size-audio-worker=65536"
    "memorysetup-temp-allocator-size-cloud-worker=32768"
    "memorysetup-temp-allocator-size-gi-baking-worker=262144"
    "memorysetup-temp-allocator-size-gfx=262144"
Refreshing native plugins compatible for Editor in 75.42 ms, found 3 plugins.
Preloading 0 native plugins for Editor in 0.00 ms.
Initialize engine version: 2021.3.7f1 (24e8595d6d43)
[Subsystems] Discovering subsystems at path C:/Program Files/Unity/Hub/Editor/2021.3.7f1/Editor/Data/Resources/UnitySubsystems
[Subsystems] Discovering subsystems at path C:/Users/Hoon/Desktop/Github/Monster_gun/Monster_gun/Assets
GfxDevice: creating device client; threaded=0; jobified=0
Direct3D:
    Version:  Direct3D 11.0 [level 11.1]
    Renderer: NVIDIA GeForce GTX 1060 3GB (ID=0x1b84)
    Vendor:   NVIDIA
    VRAM:     2988 MB
    Driver:   30.0.15.1215
Initialize mono
Mono path[0] = 'C:/Program Files/Unity/Hub/Editor/2021.3.7f1/Editor/Data/Managed'
Mono path[1] = 'C:/Program Files/Unity/Hub/Editor/2021.3.7f1/Editor/Data/MonoBleedingEdge/lib/mono/unityjit-win32'
Mono config path = 'C:/Program Files/Unity/Hub/Editor/2021.3.7f1/Editor/Data/MonoBleedingEdge/etc'
Using monoOptions --debugger-agent=transport=dt_socket,embedding=1,server=y,suspend=n,address=127.0.0.1:56252
Begin MonoManager ReloadAssembly
Registering precompiled unity dll's ...
Register platform support module: C:/Program Files/Unity/Hub/Editor/2021.3.7f1/Editor/Data/PlaybackEngines/WindowsStandaloneSupport/UnityEditor.WindowsStandalone.Extensions.dll
Registered in 0.012348 seconds.
Native extension for WindowsStandalone target not found
Refreshing native plugins compatible for Editor in 70.03 ms, found 3 plugins.
Preloading 0 native plugins for Editor in 0.00 ms.
Mono: successfully reloaded assembly
- Completed reload, in  0.604 seconds
Domain Reload Profiling:
	ReloadAssembly (605ms)
		BeginReloadAssembly (85ms)
			ExecutionOrderSort (0ms)
			DisableScriptedObjects (0ms)
			BackupInstance (0ms)
			ReleaseScriptingObjects (0ms)
			CreateAndSetChildDomain (1ms)
		EndReloadAssembly (396ms)
			LoadAssemblies (81ms)
			RebuildTransferFunctionScriptingTraits (0ms)
			SetupTypeCache (92ms)
			ReleaseScriptCaches (0ms)
			RebuildScriptCaches (23ms)
			SetupLoadedEditorAssemblies (231ms)
				LogAssemblyErrors (0ms)
				InitializePlatformSupportModulesInManaged (8ms)
				SetLoadedEditorAssemblies (0ms)
				RefreshPlugins (70ms)
				BeforeProcessingInitializeOnLoad (2ms)
				ProcessInitializeOnLoadAttributes (111ms)
				ProcessInitializeOnLoadMethodAttributes (40ms)
				AfterProcessingInitializeOnLoad (0ms)
				EditorAssembliesLoaded (0ms)
			ExecutionOrderSort2 (0ms)
			AwakeInstancesAfterBackupRestoration (0ms)
Platform modules already initialized, skipping
Registering precompiled user dll's ...
Registered in 0.008436 seconds.
Begin MonoManager ReloadAssembly
Symbol file LoadedFromMemory doesn't match image C:\Users\Hoon\Desktop\Github\Monster_gun\Monster_gun\Library\PackageCache\com.unity.visualscripting@1.7.8\Editor\VisualScripting.Core\Dependencies\YamlDotNet\Unity.VisualScripting.YamlDotNet.dll
Symbol file LoadedFromMemory doesn't match image C:\Users\Hoon\Desktop\Github\Monster_gun\Monster_gun\Library\PackageCache\com.unity.visualscripting@1.7.8\Editor\VisualScripting.Core\Dependencies\DotNetZip\Unity.VisualScripting.IonicZip.dll
Native extension for WindowsStandalone target not found
Refreshing native plugins compatible for Editor in 0.39 ms, found 3 plugins.
Preloading 0 native plugins for Editor in 0.00 ms.
Mono: successfully reloaded assembly
- Completed reload, in  0.934 seconds
Domain Reload Profiling:
	ReloadAssembly (935ms)
		BeginReloadAssembly (112ms)
			ExecutionOrderSort (0ms)
			DisableScriptedObjects (8ms)
			BackupInstance (0ms)
			ReleaseScriptingObjects (0ms)
			CreateAndSetChildDomain (15ms)
		EndReloadAssembly (710ms)
			LoadAssemblies (89ms)
			RebuildTransferFunctionScriptingTraits (0ms)
			SetupTypeCache (208ms)
			ReleaseScriptCaches (1ms)
			RebuildScriptCaches (48ms)
			SetupLoadedEditorAssemblies (339ms)
				LogAssemblyErrors (0ms)
				InitializePlatformSupportModulesInManaged (9ms)
				SetLoadedEditorAssemblies (0ms)
				RefreshPlugins (0ms)
				BeforeProcessingInitializeOnLoad (90ms)
				ProcessInitializeOnLoadAttributes (199ms)
				ProcessInitializeOnLoadMethodAttributes (26ms)
				AfterProcessingInitializeOnLoad (13ms)
				EditorAssembliesLoaded (0ms)
			ExecutionOrderSort2 (0ms)
			AwakeInstancesAfterBackupRestoration (6ms)
Platform modules already initialized, skipping
========================================================================
Worker process is ready to serve import requests
Launched and connected shader compiler UnityShaderCompiler.exe after 0.03 seconds
Refreshing native plugins compatible for Editor in 0.55 ms, found 3 plugins.
Preloading 0 native plugins for Editor in 0.00 ms.
Unloading 3377 Unused Serialized files (Serialized files now loaded: 0)
Unloading 27 unused Assets / (110.9 KB). Loaded Objects now: 3834.
Memory consumption went from 120.5 MB to 120.4 MB.
Total: 2.393600 ms (FindLiveObjects: 0.200100 ms CreateObjectMapping: 0.102100 ms MarkObjects: 2.003400 ms  DeleteObjects: 0.086800 ms)

AssetImportParameters requested are different than current active one (requested -> active):
  custom:video-decoder-ogg-theora: a1e56fd34408186e4bbccfd4996cb3dc -> 
  custom:container-muxer-webm: aa71ff27fc2769a1b78a27578f13a17b -> 
  custom:container-demuxer-webm: 4f35f7cbe854078d1ac9338744f61a02 -> 
  custom:video-encoder-webm-vp8: eb34c28f22e8b96e1ab97ce403110664 -> 
  custom:audio-encoder-webm-vorbis: bf7c407c2cedff20999df2af8eb42d56 -> 
  custom:framework-win-MediaFoundation: 216162199b28c13a410421893ffa2e32 -> 
  custom:container-demuxer-ogg: 62fdf1f143b41e24485cea50d1cbac27 -> 
  custom:video-decoder-webm-vp8: 9c59270c3fd7afecdb556c50c9e8de78 -> 
  custom:audio-decoder-ogg-vorbis: bf7c407c2cedff20999df2af8eb42d56 -> 
========================================================================
Received Import Request.
  Time since last request: 3389.809739 seconds.
  path: Assets/Newbie & Friends/Prefabs/Hero.prefab
  artifactKey: Guid(20df8a79b70eb554b80b3a0bdf9bf60b) Importer(815301076,1909f56bfc062723c751e8b465ee728b)
Start importing Assets/Newbie & Friends/Prefabs/Hero.prefab using Guid(20df8a79b70eb554b80b3a0bdf9bf60b) Importer(815301076,1909f56bfc062723c751e8b465ee728b)  -> (artifact id: '19026bcf812bec7994624ee38e9a53ad') in 0.387455 seconds 
========================================================================
Received Import Request.
  Time since last request: 0.000028 seconds.
  path: Assets/Newbie & Friends/Prefabs/Soldier.prefab
  artifactKey: Guid(8593caea920d39f49820a8fa7d8500bb) Importer(815301076,1909f56bfc062723c751e8b465ee728b)
Start importing Assets/Newbie & Friends/Prefabs/Soldier.prefab using Guid(8593caea920d39f49820a8fa7d8500bb) Importer(815301076,1909f56bfc062723c751e8b465ee728b)  -> (artifact id: '8561ab8b153759a47cdce68701b46b9d') in 0.038124 seconds 
========================================================================
Received Import Request.
  Time since last request: 0.000023 seconds.
  path: Assets/Newbie & Friends/Prefabs/Girl.prefab
  artifactKey: Guid(d459fb3d2d0f49b42a66270dade235f6) Importer(815301076,1909f56bfc062723c751e8b465ee728b)
Start importing Assets/Newbie & Friends/Prefabs/Girl.prefab using Guid(d459fb3d2d0f49b42a66270dade235f6) Importer(815301076,1909f56bfc062723c751e8b465ee728b)  -> (artifact id: '2f4460e7a8abbb9e227359f3667acf85') in 0.027921 seconds 
========================================================================
Received Import Request.
  Time since last request: 0.000017 seconds.
  path: Assets/Newbie & Friends/Prefabs
  artifactKey: Guid(158757de856ae9c499adf2b6efae27ee) Importer(815301076,1909f56bfc062723c751e8b465ee728b)
Start importing Assets/Newbie & Friends/Prefabs using Guid(158757de856ae9c499adf2b6efae27ee) Importer(815301076,1909f56bfc062723c751e8b465ee728b)  -> (artifact id: 'a11a7cf223e442faaf3d9bc25bbeacf4') in 0.003226 seconds 
========================================================================
Received Import Request.
  Time since last request: 0.000019 seconds.
  path: Assets/Newbie & Friends/Prefabs/Mad Flower.prefab
  artifactKey: Guid(ff47f444dbf93a1439d5b3c923b4e157) Importer(815301076,1909f56bfc062723c751e8b465ee728b)
Start importing Assets/Newbie & Friends/Prefabs/Mad Flower.prefab using Guid(ff47f444dbf93a1439d5b3c923b4e157) Importer(815301076,1909f56bfc062723c751e8b465ee728b)  -> (artifact id: '7d8def1939a4bc2695619b9c8a3861a1') in 0.016346 seconds 
========================================================================
Received Import Request.
  Time since last request: 0.000015 seconds.
  path: Assets/Newbie & Friends/Prefabs/Princess.prefab
  artifactKey: Guid(996d16ef0fa7547d3bdfea739982ba21) Importer(815301076,1909f56bfc062723c751e8b465ee728b)
Start importing Assets/Newbie & Friends/Prefabs/Princess.prefab using Guid(996d16ef0fa7547d3bdfea739982ba21) Importer(815301076,1909f56bfc062723c751e8b465ee728b)  -> (artifact id: '7374765b875007dc8d5caada0ccbf19c') in 0.021954 seconds 
========================================================================
Received Import Request.
  Time since last request: 0.000017 seconds.
  path: Assets/Newbie & Friends/Prefabs/Boy.prefab
  artifactKey: Guid(a9c77110a045add4b81e011ab6663e9c) Importer(815301076,1909f56bfc062723c751e8b465ee728b)
Start importing Assets/Newbie & Friends/Prefabs/Boy.prefab using Guid(a9c77110a045add4b81e011ab6663e9c) Importer(815301076,1909f56bfc062723c751e8b465ee728b)  -> (artifact id: '5375d2c385135afebabbf0b8f264b59e') in 0.025039 seconds 
========================================================================
Received Import Request.
  Time since last request: 0.789683 seconds.
  path: Assets/Newbie & Friends/Materials/Boy_MAT.mat
  artifactKey: Guid(ed9372ce9d9f20a4aa4f77d31fd1040d) Importer(815301076,1909f56bfc062723c751e8b465ee728b)
Start importing Assets/Newbie & Friends/Materials/Boy_MAT.mat using Guid(ed9372ce9d9f20a4aa4f77d31fd1040d) Importer(815301076,1909f56bfc062723c751e8b465ee728b)  -> (artifact id: '32ffbae574dede86a81c05eeb4962e2e') in 0.030596 seconds 
========================================================================
Received Import Request.
  Time since last request: 0.000020 seconds.
  path: Assets/Newbie & Friends/Materials/Girl_MAT.mat
  artifactKey: Guid(6eea7e79e4d474e478513ef06e858aae) Importer(815301076,1909f56bfc062723c751e8b465ee728b)
Start importing Assets/Newbie & Friends/Materials/Girl_MAT.mat using Guid(6eea7e79e4d474e478513ef06e858aae) Importer(815301076,1909f56bfc062723c751e8b465ee728b)  -> (artifact id: '2b20a7eebf51f982cfa960ec9236d110') in 0.026937 seconds 
========================================================================
Received Import Request.
  Time since last request: 0.000031 seconds.
  path: Assets/Newbie & Friends/Materials/Hero_MAT.mat
  artifactKey: Guid(9661a75b9294b554d8528ebc72788d5d) Importer(815301076,1909f56bfc062723c751e8b465ee728b)
Start importing Assets/Newbie & Friends/Materials/Hero_MAT.mat using Guid(9661a75b9294b554d8528ebc72788d5d) Importer(815301076,1909f56bfc062723c751e8b465ee728b)  -> (artifact id: '041018ae055d5bc543220a831cc6973b') in 0.019568 seconds 
========================================================================
Received Import Request.
  Time since last request: 0.000018 seconds.
  path: Assets/Newbie & Friends/Materials/Ghost_MAT.mat
  artifactKey: Guid(1cc763e9b480a384caf950d83be00a42) Importer(815301076,1909f56bfc062723c751e8b465ee728b)
Start importing Assets/Newbie & Friends/Materials/Ghost_MAT.mat using Guid(1cc763e9b480a384caf950d83be00a42) Importer(815301076,1909f56bfc062723c751e8b465ee728b)  -> (artifact id: '4a8b4a7eca881ad4206eb7507ce8b61a') in 0.163649 seconds 
========================================================================
Received Import Request.
  Time since last request: 0.000021 seconds.
  path: Assets/Newbie & Friends/Materials/Goblin_MAT.mat
  artifactKey: Guid(012694abf3cbeee4b809111af041b020) Importer(815301076,1909f56bfc062723c751e8b465ee728b)
Start importing Assets/Newbie & Friends/Materials/Goblin_MAT.mat using Guid(012694abf3cbeee4b809111af041b020) Importer(815301076,1909f56bfc062723c751e8b465ee728b)  -> (artifact id: '0c364ace038a37422b520216562d88a4') in 0.014345 seconds 
========================================================================
Received Import Request.
  Time since last request: 0.770402 seconds.
  path: Assets/Newbie & Friends/Animations/Controllers
  artifactKey: Guid(99f3c274bc3b7cb4183aee72f8ea5d88) Importer(815301076,1909f56bfc062723c751e8b465ee728b)
Start importing Assets/Newbie & Friends/Animations/Controllers using Guid(99f3c274bc3b7cb4183aee72f8ea5d88) Importer(815301076,1909f56bfc062723c751e8b465ee728b)  -> (artifact id: '64908066450a6247d2cbc80100dcbe13') in 0.002873 seconds 
========================================================================
Received Import Request.
  Time since last request: 115.379700 seconds.
  path: Assets/Newbie & Friends/Models/Dragon.fbx
  artifactKey: Guid(c8bda3fc437ab71409c45d18788456ea) Importer(815301076,1909f56bfc062723c751e8b465ee728b)
Start importing Assets/Newbie & Friends/Models/Dragon.fbx using Guid(c8bda3fc437ab71409c45d18788456ea) Importer(815301076,1909f56bfc062723c751e8b465ee728b)  -> (artifact id: 'b3c151375512e81b405f1ed770dd2c6a') in 0.256201 seconds 
========================================================================
Received Import Request.
  Time since last request: 0.000026 seconds.
  path: Assets/Newbie & Friends/Models/Princess.fbx
  artifactKey: Guid(a8f3eefdd4d8dac4c93ff630dd0b7ec1) Importer(815301076,1909f56bfc062723c751e8b465ee728b)
Start importing Assets/Newbie & Friends/Models/Princess.fbx using Guid(a8f3eefdd4d8dac4c93ff630dd0b7ec1) Importer(815301076,1909f56bfc062723c751e8b465ee728b)  -> (artifact id: '2efcaa7fe8a62d58aa99cb81a92bd22f') in 0.035815 seconds 
========================================================================
Received Import Request.
  Time since last request: 0.000025 seconds.
  path: Assets/Newbie & Friends/Models/Hero.fbx
  artifactKey: Guid(5af8bc9dfdea51945858c443f8084b05) Importer(815301076,1909f56bfc062723c751e8b465ee728b)
Start importing Assets/Newbie & Friends/Models/Hero.fbx using Guid(5af8bc9dfdea51945858c443f8084b05) Importer(815301076,1909f56bfc062723c751e8b465ee728b)  -> (artifact id: '93b0d3d9231a2262bdc26d5bf03350ba') in 0.050221 seconds 
========================================================================
Received Import Request.
  Time since last request: 0.000022 seconds.
  path: Assets/Newbie & Friends/Models/Soldier.fbx
  artifactKey: Guid(950af63b2c105814391ceff9340f7a1b) Importer(815301076,1909f56bfc062723c751e8b465ee728b)
Start importing Assets/Newbie & Friends/Models/Soldier.fbx using Guid(950af63b2c105814391ceff9340f7a1b) Importer(815301076,1909f56bfc062723c751e8b465ee728b)  -> (artifact id: 'afdc6a11f2b5210da3da6b1fa60a876e') in 0.042495 seconds 
========================================================================
Received Import Request.
  Time since last request: 0.000019 seconds.
  path: Assets/Newbie & Friends/Models/Ghost.fbx
  artifactKey: Guid(fa77180c39d389d47b9621d396f4ae11) Importer(815301076,1909f56bfc062723c751e8b465ee728b)
Start importing Assets/Newbie & Friends/Models/Ghost.fbx using Guid(fa77180c39d389d47b9621d396f4ae11) Importer(815301076,1909f56bfc062723c751e8b465ee728b)  -> (artifact id: 'e59ff9eb85636012459e1d9e22106c80') in 0.023745 seconds 
========================================================================
Received Import Request.
  Time since last request: 0.000020 seconds.
  path: Assets/Newbie & Friends/Models/Goblin.fbx
  artifactKey: Guid(380e44b2867ef4b4dac5ccd42b09d0fa) Importer(815301076,1909f56bfc062723c751e8b465ee728b)
Start importing Assets/Newbie & Friends/Models/Goblin.fbx using Guid(380e44b2867ef4b4dac5ccd42b09d0fa) Importer(815301076,1909f56bfc062723c751e8b465ee728b)  -> (artifact id: 'f746afe190d2abb76d6d452b7161b566') in 0.025520 seconds 
========================================================================
Received Import Request.
  Time since last request: 0.000026 seconds.
  path: Assets/Newbie & Friends/Models/Girl.fbx
  artifactKey: Guid(1b7b61f47a25486408a9ef0e3eafc9d2) Importer(815301076,1909f56bfc062723c751e8b465ee728b)
Start importing Assets/Newbie & Friends/Models/Girl.fbx using Guid(1b7b61f47a25486408a9ef0e3eafc9d2) Importer(815301076,1909f56bfc062723c751e8b465ee728b)  -> (artifact id: '69f8cac418762fd5d9625c2700a6ad35') in 0.030594 seconds 
