Using pre-set license
Built from '2021.3/staging' branch; Version is '2021.3.7f1 (24e8595d6d43) revision 2418777'; Using compiler version '192829333'; Build Type 'Release'
OS: 'Windows 10  (10.0.19044) 64bit Education' Language: 'ko' Physical Memory: 16217 MB
BatchMode: 1, IsHumanControllingUs: 0, StartBugReporterOnCrash: 0, Is64bit: 1, IsPro: 1

COMMAND LINE ARGUMENTS:
C:\Program Files\Unity\Hub\Editor\2021.3.7f1\Editor\Unity.exe
-adb2
-batchMode
-noUpm
-name
AssetImportWorker4
-projectPath
C:/Users/Hoon/Desktop/Github/Monster_sword/Monster_sword
-logFile
Logs/AssetImportWorker4.log
-srvPort
7516
Successfully changed project path to: C:/Users/Hoon/Desktop/Github/Monster_sword/Monster_sword
C:/Users/Hoon/Desktop/Github/Monster_sword/Monster_sword
[UnityMemory] Configuration Parameters - Can be set up in boot.config
    "memorysetup-bucket-allocator-granularity=16"
    "memorysetup-bucket-allocator-bucket-count=8"
    "memorysetup-bucket-allocator-block-size=33554432"
    "memorysetup-bucket-allocator-block-count=8"
    "memorysetup-main-allocator-block-size=16777216"
    "memorysetup-thread-allocator-block-size=16777216"
    "memorysetup-gfx-main-allocator-block-size=16777216"
    "memorysetup-gfx-thread-allocator-block-size=16777216"
    "memorysetup-cache-allocator-block-size=4194304"
    "memorysetup-typetree-allocator-block-size=2097152"
    "memorysetup-profiler-bucket-allocator-granularity=16"
    "memorysetup-profiler-bucket-allocator-bucket-count=8"
    "memorysetup-profiler-bucket-allocator-block-size=33554432"
    "memorysetup-profiler-bucket-allocator-block-count=8"
    "memorysetup-profiler-allocator-block-size=16777216"
    "memorysetup-profiler-editor-allocator-block-size=1048576"
    "memorysetup-temp-allocator-size-main=16777216"
    "memorysetup-job-temp-allocator-block-size=2097152"
    "memorysetup-job-temp-allocator-block-size-background=1048576"
    "memorysetup-job-temp-allocator-reduction-small-platforms=262144"
    "memorysetup-temp-allocator-size-background-worker=32768"
    "memorysetup-temp-allocator-size-job-worker=262144"
    "memorysetup-temp-allocator-size-preload-manager=33554432"
    "memorysetup-temp-allocator-size-nav-mesh-worker=65536"
    "memorysetup-temp-allocator-size-audio-worker=65536"
    "memorysetup-temp-allocator-size-cloud-worker=32768"
    "memorysetup-temp-allocator-size-gi-baking-worker=262144"
    "memorysetup-temp-allocator-size-gfx=262144"
Refreshing native plugins compatible for Editor in 71.49 ms, found 3 plugins.
Preloading 0 native plugins for Editor in 0.00 ms.
Initialize engine version: 2021.3.7f1 (24e8595d6d43)
[Subsystems] Discovering subsystems at path C:/Program Files/Unity/Hub/Editor/2021.3.7f1/Editor/Data/Resources/UnitySubsystems
[Subsystems] Discovering subsystems at path C:/Users/Hoon/Desktop/Github/Monster_sword/Monster_sword/Assets
GfxDevice: creating device client; threaded=0; jobified=0
Direct3D:
    Version:  Direct3D 11.0 [level 11.1]
    Renderer: NVIDIA GeForce GTX 1060 3GB (ID=0x1b84)
    Vendor:   NVIDIA
    VRAM:     2988 MB
    Driver:   30.0.15.1215
Initialize mono
Mono path[0] = 'C:/Program Files/Unity/Hub/Editor/2021.3.7f1/Editor/Data/Managed'
Mono path[1] = 'C:/Program Files/Unity/Hub/Editor/2021.3.7f1/Editor/Data/MonoBleedingEdge/lib/mono/unityjit-win32'
Mono config path = 'C:/Program Files/Unity/Hub/Editor/2021.3.7f1/Editor/Data/MonoBleedingEdge/etc'
Using monoOptions --debugger-agent=transport=dt_socket,embedding=1,server=y,suspend=n,address=127.0.0.1:56092
Begin MonoManager ReloadAssembly
Registering precompiled unity dll's ...
Register platform support module: C:/Program Files/Unity/Hub/Editor/2021.3.7f1/Editor/Data/PlaybackEngines/WindowsStandaloneSupport/UnityEditor.WindowsStandalone.Extensions.dll
Registered in 0.010424 seconds.
Native extension for WindowsStandalone target not found
Refreshing native plugins compatible for Editor in 74.26 ms, found 3 plugins.
Preloading 0 native plugins for Editor in 0.00 ms.
Mono: successfully reloaded assembly
- Completed reload, in  0.541 seconds
Domain Reload Profiling:
	ReloadAssembly (541ms)
		BeginReloadAssembly (73ms)
			ExecutionOrderSort (0ms)
			DisableScriptedObjects (0ms)
			BackupInstance (0ms)
			ReleaseScriptingObjects (0ms)
			CreateAndSetChildDomain (1ms)
		EndReloadAssembly (366ms)
			LoadAssemblies (70ms)
			RebuildTransferFunctionScriptingTraits (0ms)
			SetupTypeCache (78ms)
			ReleaseScriptCaches (0ms)
			RebuildScriptCaches (22ms)
			SetupLoadedEditorAssemblies (223ms)
				LogAssemblyErrors (0ms)
				InitializePlatformSupportModulesInManaged (8ms)
				SetLoadedEditorAssemblies (0ms)
				RefreshPlugins (74ms)
				BeforeProcessingInitializeOnLoad (1ms)
				ProcessInitializeOnLoadAttributes (103ms)
				ProcessInitializeOnLoadMethodAttributes (37ms)
				AfterProcessingInitializeOnLoad (0ms)
				EditorAssembliesLoaded (0ms)
			ExecutionOrderSort2 (0ms)
			AwakeInstancesAfterBackupRestoration (0ms)
Platform modules already initialized, skipping
Registering precompiled user dll's ...
Registered in 0.007315 seconds.
Begin MonoManager ReloadAssembly
Symbol file LoadedFromMemory doesn't match image C:\Users\Hoon\Desktop\Github\Monster_sword\Monster_sword\Library\PackageCache\com.unity.visualscripting@1.7.8\Editor\VisualScripting.Core\Dependencies\YamlDotNet\Unity.VisualScripting.YamlDotNet.dll
Symbol file LoadedFromMemory doesn't match image C:\Users\Hoon\Desktop\Github\Monster_sword\Monster_sword\Library\PackageCache\com.unity.visualscripting@1.7.8\Editor\VisualScripting.Core\Dependencies\DotNetZip\Unity.VisualScripting.IonicZip.dll
Native extension for WindowsStandalone target not found
Refreshing native plugins compatible for Editor in 0.41 ms, found 3 plugins.
Preloading 0 native plugins for Editor in 0.00 ms.
Mono: successfully reloaded assembly
- Completed reload, in  0.876 seconds
Domain Reload Profiling:
	ReloadAssembly (877ms)
		BeginReloadAssembly (103ms)
			ExecutionOrderSort (0ms)
			DisableScriptedObjects (4ms)
			BackupInstance (0ms)
			ReleaseScriptingObjects (0ms)
			CreateAndSetChildDomain (14ms)
		EndReloadAssembly (669ms)
			LoadAssemblies (87ms)
			RebuildTransferFunctionScriptingTraits (0ms)
			SetupTypeCache (214ms)
			ReleaseScriptCaches (0ms)
			RebuildScriptCaches (36ms)
			SetupLoadedEditorAssemblies (314ms)
				LogAssemblyErrors (0ms)
				InitializePlatformSupportModulesInManaged (7ms)
				SetLoadedEditorAssemblies (0ms)
				RefreshPlugins (0ms)
				BeforeProcessingInitializeOnLoad (81ms)
				ProcessInitializeOnLoadAttributes (187ms)
				ProcessInitializeOnLoadMethodAttributes (23ms)
				AfterProcessingInitializeOnLoad (15ms)
				EditorAssembliesLoaded (0ms)
			ExecutionOrderSort2 (0ms)
			AwakeInstancesAfterBackupRestoration (5ms)
Platform modules already initialized, skipping
========================================================================
Worker process is ready to serve import requests
Launched and connected shader compiler UnityShaderCompiler.exe after 0.04 seconds
Refreshing native plugins compatible for Editor in 0.44 ms, found 3 plugins.
Preloading 0 native plugins for Editor in 0.00 ms.
Unloading 3380 Unused Serialized files (Serialized files now loaded: 0)
Unloading 27 unused Assets / (110.9 KB). Loaded Objects now: 3837.
Memory consumption went from 120.9 MB to 120.8 MB.
Total: 2.460100 ms (FindLiveObjects: 0.230500 ms CreateObjectMapping: 0.129500 ms MarkObjects: 2.018200 ms  DeleteObjects: 0.081000 ms)

AssetImportParameters requested are different than current active one (requested -> active):
  custom:video-decoder-ogg-theora: a1e56fd34408186e4bbccfd4996cb3dc -> 
  custom:container-muxer-webm: aa71ff27fc2769a1b78a27578f13a17b -> 
  custom:container-demuxer-webm: 4f35f7cbe854078d1ac9338744f61a02 -> 
  custom:video-encoder-webm-vp8: eb34c28f22e8b96e1ab97ce403110664 -> 
  custom:audio-encoder-webm-vorbis: bf7c407c2cedff20999df2af8eb42d56 -> 
  custom:framework-win-MediaFoundation: 216162199b28c13a410421893ffa2e32 -> 
  custom:container-demuxer-ogg: 62fdf1f143b41e24485cea50d1cbac27 -> 
  custom:video-decoder-webm-vp8: 9c59270c3fd7afecdb556c50c9e8de78 -> 
  custom:audio-decoder-ogg-vorbis: bf7c407c2cedff20999df2af8eb42d56 -> 
========================================================================
Received Import Request.
  Time since last request: 14530.119669 seconds.
  path: Assets/New Material 1.mat
  artifactKey: Guid(6c344e34a02c3634e85a7a6e74969f7a) Importer(815301076,1909f56bfc062723c751e8b465ee728b)
Start importing Assets/New Material 1.mat using Guid(6c344e34a02c3634e85a7a6e74969f7a) Importer(815301076,1909f56bfc062723c751e8b465ee728b)  -> (artifact id: '26b5fb035a20412058e712f704f92309') in 0.096971 seconds 
========================================================================
Received Import Request.
  Time since last request: 3.024667 seconds.
  path: Assets/Newbie & Friends/Prefabs/Goblin.prefab
  artifactKey: Guid(841343c4971fe0d409350f8ccbb252ee) Importer(815301076,1909f56bfc062723c751e8b465ee728b)
Start importing Assets/Newbie & Friends/Prefabs/Goblin.prefab using Guid(841343c4971fe0d409350f8ccbb252ee) Importer(815301076,1909f56bfc062723c751e8b465ee728b)  -> (artifact id: '08f29dba73311023a5f05186758a1b4d') in 0.036258 seconds 
========================================================================
Received Import Request.
  Time since last request: 32.118432 seconds.
  path: Assets/Newbie & Friends/Animations/Controllers/BoyAnimCntrl.controller
  artifactKey: Guid(ea653714e08828947a1e0976b7238c65) Importer(815301076,1909f56bfc062723c751e8b465ee728b)
Start importing Assets/Newbie & Friends/Animations/Controllers/BoyAnimCntrl.controller using Guid(ea653714e08828947a1e0976b7238c65) Importer(815301076,1909f56bfc062723c751e8b465ee728b)  -> (artifact id: 'f4ae4abf4193cda527c2f854ec582a9a') in 0.008348 seconds 
========================================================================
Received Import Request.
  Time since last request: 7.018436 seconds.
  path: Assets/Newbie & Friends/Animations/Controllers/MadFlowerAnimCntrl.controller
  artifactKey: Guid(0d936e8c77042e14397c332a357e2530) Importer(815301076,1909f56bfc062723c751e8b465ee728b)
Start importing Assets/Newbie & Friends/Animations/Controllers/MadFlowerAnimCntrl.controller using Guid(0d936e8c77042e14397c332a357e2530) Importer(815301076,1909f56bfc062723c751e8b465ee728b)  -> (artifact id: '071a12f54d9f37cff8bafd93d83e4509') in 0.004449 seconds 
========================================================================
Received Import Request.
  Time since last request: 2.433309 seconds.
  path: Assets/Newbie & Friends/Animations/Controllers/PrincessAnimCntrl.controller
  artifactKey: Guid(c6d9a028ebe16254c8ea7a4bdb872a72) Importer(815301076,1909f56bfc062723c751e8b465ee728b)
Start importing Assets/Newbie & Friends/Animations/Controllers/PrincessAnimCntrl.controller using Guid(c6d9a028ebe16254c8ea7a4bdb872a72) Importer(815301076,1909f56bfc062723c751e8b465ee728b)  -> (artifact id: '2811d95ec9ee1fbe51c33f64172ed127') in 0.006815 seconds 
========================================================================
Received Import Request.
  Time since last request: 0.771779 seconds.
  path: Assets/Newbie & Friends/Animations/Controllers/SkeletonAnimCntrl.controller
  artifactKey: Guid(b45a00536dc86af4d9529979221d08cf) Importer(815301076,1909f56bfc062723c751e8b465ee728b)
Start importing Assets/Newbie & Friends/Animations/Controllers/SkeletonAnimCntrl.controller using Guid(b45a00536dc86af4d9529979221d08cf) Importer(815301076,1909f56bfc062723c751e8b465ee728b)  -> (artifact id: 'a66143b14c08cb39891f8280433c3420') in 0.004353 seconds 
========================================================================
Received Import Request.
  Time since last request: 0.613699 seconds.
  path: Assets/Newbie & Friends/Animations/Controllers/SoldierAnimCntrl.controller
  artifactKey: Guid(29956277a6852fd44b6ae863700358d0) Importer(815301076,1909f56bfc062723c751e8b465ee728b)
Start importing Assets/Newbie & Friends/Animations/Controllers/SoldierAnimCntrl.controller using Guid(29956277a6852fd44b6ae863700358d0) Importer(815301076,1909f56bfc062723c751e8b465ee728b)  -> (artifact id: '04a0323503a7a883a1fb8fb68ac4ac72') in 0.006468 seconds 
========================================================================
Received Import Request.
  Time since last request: 13.211944 seconds.
  path: Assets/Newbie & Friends/Models/Dragon.fbx
  artifactKey: Guid(c8bda3fc437ab71409c45d18788456ea) Importer(815301076,1909f56bfc062723c751e8b465ee728b)
Start importing Assets/Newbie & Friends/Models/Dragon.fbx using Guid(c8bda3fc437ab71409c45d18788456ea) Importer(815301076,1909f56bfc062723c751e8b465ee728b)  -> (artifact id: '9e7501820973a6e7dbd796142a7cf8a3') in 0.037291 seconds 
========================================================================
Received Import Request.
  Time since last request: 0.000021 seconds.
  path: Assets/Newbie & Friends/Models/Princess.fbx
  artifactKey: Guid(a8f3eefdd4d8dac4c93ff630dd0b7ec1) Importer(815301076,1909f56bfc062723c751e8b465ee728b)
Start importing Assets/Newbie & Friends/Models/Princess.fbx using Guid(a8f3eefdd4d8dac4c93ff630dd0b7ec1) Importer(815301076,1909f56bfc062723c751e8b465ee728b)  -> (artifact id: '46f6cb33bec4c37c7bac04263217eefc') in 0.031726 seconds 
========================================================================
Received Import Request.
  Time since last request: 0.000017 seconds.
  path: Assets/Newbie & Friends/Models/Mad Flower.fbx
  artifactKey: Guid(d2c6ae8a344f1884292e604213da1f34) Importer(815301076,1909f56bfc062723c751e8b465ee728b)
Start importing Assets/Newbie & Friends/Models/Mad Flower.fbx using Guid(d2c6ae8a344f1884292e604213da1f34) Importer(815301076,1909f56bfc062723c751e8b465ee728b)  -> (artifact id: 'fc52fc665ac825a8126b722c9ae6f6ee') in 0.022104 seconds 
========================================================================
Received Import Request.
  Time since last request: 0.000020 seconds.
  path: Assets/Newbie & Friends/Models/Skeleton.fbx
  artifactKey: Guid(01c221b2eff1f3b47b6e91d885b085d6) Importer(815301076,1909f56bfc062723c751e8b465ee728b)
Start importing Assets/Newbie & Friends/Models/Skeleton.fbx using Guid(01c221b2eff1f3b47b6e91d885b085d6) Importer(815301076,1909f56bfc062723c751e8b465ee728b)  -> (artifact id: '2020e30f6138d1df410db5e9a89777dc') in 0.074294 seconds 
========================================================================
Received Import Request.
  Time since last request: 17.074193 seconds.
  path: Assets/Newbie & Friends/Prefabs/Boy.prefab
  artifactKey: Guid(a9c77110a045add4b81e011ab6663e9c) Importer(815301076,1909f56bfc062723c751e8b465ee728b)
Start importing Assets/Newbie & Friends/Prefabs/Boy.prefab using Guid(a9c77110a045add4b81e011ab6663e9c) Importer(815301076,1909f56bfc062723c751e8b465ee728b)  -> (artifact id: '6ab5e0ae5a186ee1d1d88c4cc1eba75d') in 0.006842 seconds 
========================================================================
Received Import Request.
  Time since last request: 3.618001 seconds.
  path: Assets/Newbie & Friends/Textures/Boy
  artifactKey: Guid(6ee890a3bc3dd014cb5facc0ea143ca1) Importer(815301076,1909f56bfc062723c751e8b465ee728b)
Start importing Assets/Newbie & Friends/Textures/Boy using Guid(6ee890a3bc3dd014cb5facc0ea143ca1) Importer(815301076,1909f56bfc062723c751e8b465ee728b)  -> (artifact id: '4de12f9c9214e5d85d4cab7d29738d66') in 0.002842 seconds 
========================================================================
Received Import Request.
  Time since last request: 2.099719 seconds.
  path: Assets/Newbie & Friends/Textures/Dragon
  artifactKey: Guid(cc615c866376572459bcd89e4c9705b9) Importer(815301076,1909f56bfc062723c751e8b465ee728b)
Start importing Assets/Newbie & Friends/Textures/Dragon using Guid(cc615c866376572459bcd89e4c9705b9) Importer(815301076,1909f56bfc062723c751e8b465ee728b)  -> (artifact id: '959d164ab4f8e48c1b7c965bf65620eb') in 0.002870 seconds 
========================================================================
Received Import Request.
  Time since last request: 1.370901 seconds.
  path: Assets/Newbie & Friends/Textures/Ghost
  artifactKey: Guid(29182a5a08bd14f46afdfff4dfb01243) Importer(815301076,1909f56bfc062723c751e8b465ee728b)
Start importing Assets/Newbie & Friends/Textures/Ghost using Guid(29182a5a08bd14f46afdfff4dfb01243) Importer(815301076,1909f56bfc062723c751e8b465ee728b)  -> (artifact id: '1cd6e0b2d0e481d14a61b47c9b2481f8') in 0.003027 seconds 
========================================================================
Received Import Request.
  Time since last request: 0.757087 seconds.
  path: Assets/Newbie & Friends/Textures/Girl
  artifactKey: Guid(8f4c674916da669498227cee362e71cd) Importer(815301076,1909f56bfc062723c751e8b465ee728b)
Start importing Assets/Newbie & Friends/Textures/Girl using Guid(8f4c674916da669498227cee362e71cd) Importer(815301076,1909f56bfc062723c751e8b465ee728b)  -> (artifact id: '225022bcfe231c7c97da24ce943e8ba1') in 0.003390 seconds 
========================================================================
Received Import Request.
  Time since last request: 0.759081 seconds.
  path: Assets/Newbie & Friends/Textures/MadFlower
  artifactKey: Guid(a0d2846d6494dbd43b0b7c0b403818ea) Importer(815301076,1909f56bfc062723c751e8b465ee728b)
Start importing Assets/Newbie & Friends/Textures/MadFlower using Guid(a0d2846d6494dbd43b0b7c0b403818ea) Importer(815301076,1909f56bfc062723c751e8b465ee728b)  -> (artifact id: 'dcce4adab7cbb384b9ac70e3e004dba6') in 0.003701 seconds 
========================================================================
Received Import Request.
  Time since last request: 0.595674 seconds.
  path: Assets/Newbie & Friends/Textures/Princess
  artifactKey: Guid(6f1c391620103c84da6cc463a875bb3f) Importer(815301076,1909f56bfc062723c751e8b465ee728b)
Start importing Assets/Newbie & Friends/Textures/Princess using Guid(6f1c391620103c84da6cc463a875bb3f) Importer(815301076,1909f56bfc062723c751e8b465ee728b)  -> (artifact id: '9d84daa053bd775f223b0038af27fdaf') in 0.002622 seconds 
========================================================================
Received Import Request.
  Time since last request: 0.084936 seconds.
  path: Assets/Newbie & Friends/Textures/Princess/Princess_MAT.psd
  artifactKey: Guid(69ebefaa8e41d924d88a6ea5039aad3b) Importer(815301076,1909f56bfc062723c751e8b465ee728b)
Start importing Assets/Newbie & Friends/Textures/Princess/Princess_MAT.psd using Guid(69ebefaa8e41d924d88a6ea5039aad3b) Importer(815301076,1909f56bfc062723c751e8b465ee728b)  -> (artifact id: 'e6bb6318021377224aa29546cc607f44') in 0.022404 seconds 
========================================================================
Received Import Request.
  Time since last request: 3.320916 seconds.
  path: Assets/Newbie & Friends/Textures/Skeleton
  artifactKey: Guid(db90979fcda62534bb71cd9a4a620aab) Importer(815301076,1909f56bfc062723c751e8b465ee728b)
Start importing Assets/Newbie & Friends/Textures/Skeleton using Guid(db90979fcda62534bb71cd9a4a620aab) Importer(815301076,1909f56bfc062723c751e8b465ee728b)  -> (artifact id: '18a1d0d9931db05ff2d44df58bdb3e15') in 0.003107 seconds 
========================================================================
Received Import Request.
  Time since last request: 0.092152 seconds.
  path: Assets/Newbie & Friends/Textures/Skeleton/Skeleton_Albedo.png
  artifactKey: Guid(02588c26257b8a14ba1e8d573a103c32) Importer(815301076,1909f56bfc062723c751e8b465ee728b)
Start importing Assets/Newbie & Friends/Textures/Skeleton/Skeleton_Albedo.png using Guid(02588c26257b8a14ba1e8d573a103c32) Importer(815301076,1909f56bfc062723c751e8b465ee728b)  -> (artifact id: '6b048249323cf201329947f35b9bc962') in 0.014385 seconds 
========================================================================
Received Import Request.
  Time since last request: 1.291882 seconds.
  path: Assets/Newbie & Friends/Textures/Hero/Hero.psd
  artifactKey: Guid(ca31b347b0a307947937a4392dfbcae2) Importer(815301076,1909f56bfc062723c751e8b465ee728b)
Start importing Assets/Newbie & Friends/Textures/Hero/Hero.psd using Guid(ca31b347b0a307947937a4392dfbcae2) Importer(815301076,1909f56bfc062723c751e8b465ee728b)  -> (artifact id: '1edd076a710a9ffeabf9dc5a5c0e0146') in 0.013952 seconds 
========================================================================
Received Import Request.
  Time since last request: 0.000017 seconds.
  path: Assets/Newbie & Friends/Textures/Hero/Hero_Normal.png
  artifactKey: Guid(4906ce9af9f3e9b449106507e8804bcc) Importer(815301076,1909f56bfc062723c751e8b465ee728b)
Start importing Assets/Newbie & Friends/Textures/Hero/Hero_Normal.png using Guid(4906ce9af9f3e9b449106507e8804bcc) Importer(815301076,1909f56bfc062723c751e8b465ee728b)  -> (artifact id: '1f79622ea3a5f9b72c75d7786943f667') in 0.020776 seconds 
========================================================================
Received Import Request.
  Time since last request: 1.247076 seconds.
  path: Assets/Newbie & Friends/Textures/Soldier/Soldier.psd
  artifactKey: Guid(1e941c1d3e885dd44a5049dc74f6c147) Importer(815301076,1909f56bfc062723c751e8b465ee728b)
Start importing Assets/Newbie & Friends/Textures/Soldier/Soldier.psd using Guid(1e941c1d3e885dd44a5049dc74f6c147) Importer(815301076,1909f56bfc062723c751e8b465ee728b)  -> (artifact id: '0e9660bb03064e61cb87818ace2ab2c8') in 0.018589 seconds 
========================================================================
Received Import Request.
  Time since last request: 2.671756 seconds.
  path: Assets/Scenes/SampleScene.unity
  artifactKey: Guid(9fc0d4010bbf28b4594072e72b8655ab) Importer(815301076,1909f56bfc062723c751e8b465ee728b)
Start importing Assets/Scenes/SampleScene.unity using Guid(9fc0d4010bbf28b4594072e72b8655ab) Importer(815301076,1909f56bfc062723c751e8b465ee728b)  -> (artifact id: 'd693d1dcce99bf70c6056a4a0f8e5d17') in 0.003394 seconds 
========================================================================
Received Import Request.
  Time since last request: 0.869494 seconds.
  path: Assets/Scenes/SampleScene
  artifactKey: Guid(8f7c9870869409d4bab9a8a591ab495c) Importer(815301076,1909f56bfc062723c751e8b465ee728b)
Start importing Assets/Scenes/SampleScene using Guid(8f7c9870869409d4bab9a8a591ab495c) Importer(815301076,1909f56bfc062723c751e8b465ee728b)  -> (artifact id: '7faf99018e6094796974aa37ba94a9be') in 0.003450 seconds 
========================================================================
Received Import Request.
  Time since last request: 1.742141 seconds.
  path: Assets/Scenes/SampleScene/NavMesh.asset
  artifactKey: Guid(f46702377b814a24f948c3223a9d1232) Importer(815301076,1909f56bfc062723c751e8b465ee728b)
Start importing Assets/Scenes/SampleScene/NavMesh.asset using Guid(f46702377b814a24f948c3223a9d1232) Importer(815301076,1909f56bfc062723c751e8b465ee728b)  -> (artifact id: 'edcd351fdc59410ca1ed57806b1619a8') in 0.004708 seconds 
========================================================================
Received Import Request.
  Time since last request: 3.465831 seconds.
  path: Assets/Materials/Boy_MAT.mat
  artifactKey: Guid(31bb981990c34fd4a9488d2fe6eba67d) Importer(815301076,1909f56bfc062723c751e8b465ee728b)
Start importing Assets/Materials/Boy_MAT.mat using Guid(31bb981990c34fd4a9488d2fe6eba67d) Importer(815301076,1909f56bfc062723c751e8b465ee728b)  -> (artifact id: '9788e1e5ed818e87581e1f248cbd2b8d') in 0.010640 seconds 
========================================================================
Received Import Request.
  Time since last request: 5.380623 seconds.
  path: Assets/Scenes
  artifactKey: Guid(6ea315d0fd7389c41b19996891e99ae3) Importer(815301076,1909f56bfc062723c751e8b465ee728b)
Start importing Assets/Scenes using Guid(6ea315d0fd7389c41b19996891e99ae3) Importer(815301076,1909f56bfc062723c751e8b465ee728b)  -> (artifact id: 'b8193726cff86800c54781cdc6d54904') in 0.003525 seconds 
========================================================================
Received Prepare
Registering precompiled user dll's ...
Registered in 0.007999 seconds.
Begin MonoManager ReloadAssembly
Symbol file LoadedFromMemory doesn't match image C:\Users\Hoon\Desktop\Github\Monster_sword\Monster_sword\Library\PackageCache\com.unity.visualscripting@1.7.8\Editor\VisualScripting.Core\Dependencies\YamlDotNet\Unity.VisualScripting.YamlDotNet.dll
Symbol file LoadedFromMemory doesn't match image C:\Users\Hoon\Desktop\Github\Monster_sword\Monster_sword\Library\PackageCache\com.unity.visualscripting@1.7.8\Editor\VisualScripting.Core\Dependencies\DotNetZip\Unity.VisualScripting.IonicZip.dll
Native extension for WindowsStandalone target not found
Refreshing native plugins compatible for Editor in 0.38 ms, found 3 plugins.
Preloading 0 native plugins for Editor in 0.00 ms.
Mono: successfully reloaded assembly
- Completed reload, in  0.946 seconds
Domain Reload Profiling:
	ReloadAssembly (947ms)
		BeginReloadAssembly (135ms)
			ExecutionOrderSort (0ms)
			DisableScriptedObjects (5ms)
			BackupInstance (0ms)
			ReleaseScriptingObjects (0ms)
			CreateAndSetChildDomain (29ms)
		EndReloadAssembly (707ms)
			LoadAssemblies (96ms)
			RebuildTransferFunctionScriptingTraits (0ms)
			SetupTypeCache (239ms)
			ReleaseScriptCaches (1ms)
			RebuildScriptCaches (34ms)
			SetupLoadedEditorAssemblies (302ms)
				LogAssemblyErrors (0ms)
				InitializePlatformSupportModulesInManaged (14ms)
				SetLoadedEditorAssemblies (0ms)
				RefreshPlugins (0ms)
				BeforeProcessingInitializeOnLoad (73ms)
				ProcessInitializeOnLoadAttributes (172ms)
				ProcessInitializeOnLoadMethodAttributes (25ms)
				AfterProcessingInitializeOnLoad (16ms)
				EditorAssembliesLoaded (0ms)
			ExecutionOrderSort2 (0ms)
			AwakeInstancesAfterBackupRestoration (6ms)
Platform modules already initialized, skipping
Refreshing native plugins compatible for Editor in 1.89 ms, found 3 plugins.
Preloading 0 native plugins for Editor in 0.00 ms.
Unloading 3375 Unused Serialized files (Serialized files now loaded: 0)
Unloading 20 unused Assets / (78.3 KB). Loaded Objects now: 3886.
Memory consumption went from 138.3 MB to 138.2 MB.
Total: 3.421900 ms (FindLiveObjects: 0.235600 ms CreateObjectMapping: 0.202900 ms MarkObjects: 2.891700 ms  DeleteObjects: 0.090600 ms)

AssetImportParameters requested are different than current active one (requested -> active):
  custom:video-decoder-ogg-theora: a1e56fd34408186e4bbccfd4996cb3dc -> 
  custom:container-muxer-webm: aa71ff27fc2769a1b78a27578f13a17b -> 
  custom:container-demuxer-webm: 4f35f7cbe854078d1ac9338744f61a02 -> 
  custom:video-encoder-webm-vp8: eb34c28f22e8b96e1ab97ce403110664 -> 
  custom:audio-encoder-webm-vorbis: bf7c407c2cedff20999df2af8eb42d56 -> 
  custom:framework-win-MediaFoundation: 216162199b28c13a410421893ffa2e32 -> 
  custom:container-demuxer-ogg: 62fdf1f143b41e24485cea50d1cbac27 -> 
  custom:video-decoder-webm-vp8: 9c59270c3fd7afecdb556c50c9e8de78 -> 
  custom:audio-decoder-ogg-vorbis: bf7c407c2cedff20999df2af8eb42d56 -> 
========================================================================
Received Prepare
Registering precompiled user dll's ...
Registered in 0.007827 seconds.
Begin MonoManager ReloadAssembly
Symbol file LoadedFromMemory doesn't match image C:\Users\Hoon\Desktop\Github\Monster_sword\Monster_sword\Library\PackageCache\com.unity.visualscripting@1.7.8\Editor\VisualScripting.Core\Dependencies\YamlDotNet\Unity.VisualScripting.YamlDotNet.dll
Symbol file LoadedFromMemory doesn't match image C:\Users\Hoon\Desktop\Github\Monster_sword\Monster_sword\Library\PackageCache\com.unity.visualscripting@1.7.8\Editor\VisualScripting.Core\Dependencies\DotNetZip\Unity.VisualScripting.IonicZip.dll
Native extension for WindowsStandalone target not found
Refreshing native plugins compatible for Editor in 0.46 ms, found 3 plugins.
Preloading 0 native plugins for Editor in 0.00 ms.
Mono: successfully reloaded assembly
- Completed reload, in  0.885 seconds
Domain Reload Profiling:
	ReloadAssembly (886ms)
		BeginReloadAssembly (124ms)
			ExecutionOrderSort (0ms)
			DisableScriptedObjects (5ms)
			BackupInstance (0ms)
			ReleaseScriptingObjects (0ms)
			CreateAndSetChildDomain (27ms)
		EndReloadAssembly (651ms)
			LoadAssemblies (89ms)
			RebuildTransferFunctionScriptingTraits (0ms)
			SetupTypeCache (217ms)
			ReleaseScriptCaches (1ms)
			RebuildScriptCaches (32ms)
			SetupLoadedEditorAssemblies (286ms)
				LogAssemblyErrors (0ms)
				InitializePlatformSupportModulesInManaged (13ms)
				SetLoadedEditorAssemblies (0ms)
				RefreshPlugins (1ms)
				BeforeProcessingInitializeOnLoad (71ms)
				ProcessInitializeOnLoadAttributes (164ms)
				ProcessInitializeOnLoadMethodAttributes (23ms)
				AfterProcessingInitializeOnLoad (14ms)
				EditorAssembliesLoaded (0ms)
			ExecutionOrderSort2 (0ms)
			AwakeInstancesAfterBackupRestoration (5ms)
Platform modules already initialized, skipping
Refreshing native plugins compatible for Editor in 2.06 ms, found 3 plugins.
Preloading 0 native plugins for Editor in 0.00 ms.
Unloading 3375 Unused Serialized files (Serialized files now loaded: 0)
Unloading 20 unused Assets / (78.2 KB). Loaded Objects now: 3889.
Memory consumption went from 138.3 MB to 138.2 MB.
Total: 2.420900 ms (FindLiveObjects: 0.180300 ms CreateObjectMapping: 0.079600 ms MarkObjects: 2.096300 ms  DeleteObjects: 0.064000 ms)

AssetImportParameters requested are different than current active one (requested -> active):
  custom:video-decoder-ogg-theora: a1e56fd34408186e4bbccfd4996cb3dc -> 
  custom:container-muxer-webm: aa71ff27fc2769a1b78a27578f13a17b -> 
  custom:container-demuxer-webm: 4f35f7cbe854078d1ac9338744f61a02 -> 
  custom:video-encoder-webm-vp8: eb34c28f22e8b96e1ab97ce403110664 -> 
  custom:audio-encoder-webm-vorbis: bf7c407c2cedff20999df2af8eb42d56 -> 
  custom:framework-win-MediaFoundation: 216162199b28c13a410421893ffa2e32 -> 
  custom:container-demuxer-ogg: 62fdf1f143b41e24485cea50d1cbac27 -> 
  custom:video-decoder-webm-vp8: 9c59270c3fd7afecdb556c50c9e8de78 -> 
  custom:audio-decoder-ogg-vorbis: bf7c407c2cedff20999df2af8eb42d56 -> 
========================================================================
Received Import Request.
  Time since last request: 82.071525 seconds.
  path: Assets/Newbie & Friends/Animations/Controllers/HeroAnimCntrl.controller
  artifactKey: Guid(3f5d6197ea747c942870be4a80363d98) Importer(815301076,1909f56bfc062723c751e8b465ee728b)
Start importing Assets/Newbie & Friends/Animations/Controllers/HeroAnimCntrl.controller using Guid(3f5d6197ea747c942870be4a80363d98) Importer(815301076,1909f56bfc062723c751e8b465ee728b)  -> (artifact id: '2f9a0496ea4ca4696e5aa5b5e236b884') in 0.028687 seconds 
========================================================================
Received Prepare
Registering precompiled user dll's ...
Registered in 0.007854 seconds.
Begin MonoManager ReloadAssembly
Symbol file LoadedFromMemory doesn't match image C:\Users\Hoon\Desktop\Github\Monster_sword\Monster_sword\Library\PackageCache\com.unity.visualscripting@1.7.8\Editor\VisualScripting.Core\Dependencies\YamlDotNet\Unity.VisualScripting.YamlDotNet.dll
Symbol file LoadedFromMemory doesn't match image C:\Users\Hoon\Desktop\Github\Monster_sword\Monster_sword\Library\PackageCache\com.unity.visualscripting@1.7.8\Editor\VisualScripting.Core\Dependencies\DotNetZip\Unity.VisualScripting.IonicZip.dll
Native extension for WindowsStandalone target not found
Refreshing native plugins compatible for Editor in 0.64 ms, found 3 plugins.
Preloading 0 native plugins for Editor in 0.00 ms.
Mono: successfully reloaded assembly
- Completed reload, in  0.868 seconds
Domain Reload Profiling:
	ReloadAssembly (869ms)
		BeginReloadAssembly (130ms)
			ExecutionOrderSort (0ms)
			DisableScriptedObjects (4ms)
			BackupInstance (0ms)
			ReleaseScriptingObjects (0ms)
			CreateAndSetChildDomain (28ms)
		EndReloadAssembly (645ms)
			LoadAssemblies (93ms)
			RebuildTransferFunctionScriptingTraits (0ms)
			SetupTypeCache (207ms)
			ReleaseScriptCaches (2ms)
			RebuildScriptCaches (37ms)
			SetupLoadedEditorAssemblies (285ms)
				LogAssemblyErrors (0ms)
				InitializePlatformSupportModulesInManaged (12ms)
				SetLoadedEditorAssemblies (1ms)
				RefreshPlugins (1ms)
				BeforeProcessingInitializeOnLoad (73ms)
				ProcessInitializeOnLoadAttributes (161ms)
				ProcessInitializeOnLoadMethodAttributes (24ms)
				AfterProcessingInitializeOnLoad (13ms)
				EditorAssembliesLoaded (0ms)
			ExecutionOrderSort2 (0ms)
			AwakeInstancesAfterBackupRestoration (6ms)
Platform modules already initialized, skipping
Refreshing native plugins compatible for Editor in 1.84 ms, found 3 plugins.
Preloading 0 native plugins for Editor in 0.00 ms.
Unloading 3375 Unused Serialized files (Serialized files now loaded: 0)
Unloading 20 unused Assets / (78.3 KB). Loaded Objects now: 3892.
Memory consumption went from 138.3 MB to 138.2 MB.
Total: 2.130600 ms (FindLiveObjects: 0.188000 ms CreateObjectMapping: 0.097900 ms MarkObjects: 1.783700 ms  DeleteObjects: 0.060400 ms)

AssetImportParameters requested are different than current active one (requested -> active):
  custom:video-decoder-ogg-theora: a1e56fd34408186e4bbccfd4996cb3dc -> 
  custom:container-muxer-webm: aa71ff27fc2769a1b78a27578f13a17b -> 
  custom:container-demuxer-webm: 4f35f7cbe854078d1ac9338744f61a02 -> 
  custom:video-encoder-webm-vp8: eb34c28f22e8b96e1ab97ce403110664 -> 
  custom:audio-encoder-webm-vorbis: bf7c407c2cedff20999df2af8eb42d56 -> 
  custom:framework-win-MediaFoundation: 216162199b28c13a410421893ffa2e32 -> 
  custom:container-demuxer-ogg: 62fdf1f143b41e24485cea50d1cbac27 -> 
  custom:video-decoder-webm-vp8: 9c59270c3fd7afecdb556c50c9e8de78 -> 
  custom:audio-decoder-ogg-vorbis: bf7c407c2cedff20999df2af8eb42d56 -> 
========================================================================
Received Prepare
Registering precompiled user dll's ...
Registered in 0.006689 seconds.
Begin MonoManager ReloadAssembly
Symbol file LoadedFromMemory doesn't match image C:\Users\Hoon\Desktop\Github\Monster_sword\Monster_sword\Library\PackageCache\com.unity.visualscripting@1.7.8\Editor\VisualScripting.Core\Dependencies\YamlDotNet\Unity.VisualScripting.YamlDotNet.dll
Symbol file LoadedFromMemory doesn't match image C:\Users\Hoon\Desktop\Github\Monster_sword\Monster_sword\Library\PackageCache\com.unity.visualscripting@1.7.8\Editor\VisualScripting.Core\Dependencies\DotNetZip\Unity.VisualScripting.IonicZip.dll
Native extension for WindowsStandalone target not found
Refreshing native plugins compatible for Editor in 0.41 ms, found 3 plugins.
Preloading 0 native plugins for Editor in 0.00 ms.
Mono: successfully reloaded assembly
- Completed reload, in  0.868 seconds
Domain Reload Profiling:
	ReloadAssembly (869ms)
		BeginReloadAssembly (125ms)
			ExecutionOrderSort (0ms)
			DisableScriptedObjects (6ms)
			BackupInstance (0ms)
			ReleaseScriptingObjects (0ms)
			CreateAndSetChildDomain (27ms)
		EndReloadAssembly (656ms)
			LoadAssemblies (87ms)
			RebuildTransferFunctionScriptingTraits (0ms)
			SetupTypeCache (226ms)
			ReleaseScriptCaches (1ms)
			RebuildScriptCaches (31ms)
			SetupLoadedEditorAssemblies (287ms)
				LogAssemblyErrors (0ms)
				InitializePlatformSupportModulesInManaged (14ms)
				SetLoadedEditorAssemblies (0ms)
				RefreshPlugins (0ms)
				BeforeProcessingInitializeOnLoad (68ms)
				ProcessInitializeOnLoadAttributes (168ms)
				ProcessInitializeOnLoadMethodAttributes (23ms)
				AfterProcessingInitializeOnLoad (12ms)
				EditorAssembliesLoaded (0ms)
			ExecutionOrderSort2 (0ms)
			AwakeInstancesAfterBackupRestoration (5ms)
Platform modules already initialized, skipping
Refreshing native plugins compatible for Editor in 1.90 ms, found 3 plugins.
Preloading 0 native plugins for Editor in 0.00 ms.
Unloading 3375 Unused Serialized files (Serialized files now loaded: 0)
Unloading 20 unused Assets / (78.1 KB). Loaded Objects now: 3895.
Memory consumption went from 138.3 MB to 138.2 MB.
Total: 2.118900 ms (FindLiveObjects: 0.168400 ms CreateObjectMapping: 0.092600 ms MarkObjects: 1.790900 ms  DeleteObjects: 0.066300 ms)

AssetImportParameters requested are different than current active one (requested -> active):
  custom:video-decoder-ogg-theora: a1e56fd34408186e4bbccfd4996cb3dc -> 
  custom:container-muxer-webm: aa71ff27fc2769a1b78a27578f13a17b -> 
  custom:container-demuxer-webm: 4f35f7cbe854078d1ac9338744f61a02 -> 
  custom:video-encoder-webm-vp8: eb34c28f22e8b96e1ab97ce403110664 -> 
  custom:audio-encoder-webm-vorbis: bf7c407c2cedff20999df2af8eb42d56 -> 
  custom:framework-win-MediaFoundation: 216162199b28c13a410421893ffa2e32 -> 
  custom:container-demuxer-ogg: 62fdf1f143b41e24485cea50d1cbac27 -> 
  custom:video-decoder-webm-vp8: 9c59270c3fd7afecdb556c50c9e8de78 -> 
  custom:audio-decoder-ogg-vorbis: bf7c407c2cedff20999df2af8eb42d56 -> 
========================================================================
Received Import Request.
  Time since last request: 82.158116 seconds.
  path: Assets/Newbie & Friends/Animations
  artifactKey: Guid(f8adf8d2f33b55741afd4f4a7951a46f) Importer(815301076,1909f56bfc062723c751e8b465ee728b)
Start importing Assets/Newbie & Friends/Animations using Guid(f8adf8d2f33b55741afd4f4a7951a46f) Importer(815301076,1909f56bfc062723c751e8b465ee728b)  -> (artifact id: '59927ab97115c1ca0bc9098e29c218c3') in 0.007095 seconds 
========================================================================
Received Prepare
Registering precompiled user dll's ...
Registered in 0.007863 seconds.
Begin MonoManager ReloadAssembly
Symbol file LoadedFromMemory doesn't match image C:\Users\Hoon\Desktop\Github\Monster_sword\Monster_sword\Library\PackageCache\com.unity.visualscripting@1.7.8\Editor\VisualScripting.Core\Dependencies\YamlDotNet\Unity.VisualScripting.YamlDotNet.dll
Symbol file LoadedFromMemory doesn't match image C:\Users\Hoon\Desktop\Github\Monster_sword\Monster_sword\Library\PackageCache\com.unity.visualscripting@1.7.8\Editor\VisualScripting.Core\Dependencies\DotNetZip\Unity.VisualScripting.IonicZip.dll
Native extension for WindowsStandalone target not found
Refreshing native plugins compatible for Editor in 0.49 ms, found 3 plugins.
Preloading 0 native plugins for Editor in 0.00 ms.
Mono: successfully reloaded assembly
- Completed reload, in  0.819 seconds
Domain Reload Profiling:
	ReloadAssembly (819ms)
		BeginReloadAssembly (122ms)
			ExecutionOrderSort (0ms)
			DisableScriptedObjects (4ms)
			BackupInstance (0ms)
			ReleaseScriptingObjects (0ms)
			CreateAndSetChildDomain (26ms)
		EndReloadAssembly (610ms)
			LoadAssemblies (86ms)
			RebuildTransferFunctionScriptingTraits (0ms)
			SetupTypeCache (207ms)
			ReleaseScriptCaches (1ms)
			RebuildScriptCaches (27ms)
			SetupLoadedEditorAssemblies (273ms)
				LogAssemblyErrors (0ms)
				InitializePlatformSupportModulesInManaged (11ms)
				SetLoadedEditorAssemblies (0ms)
				RefreshPlugins (1ms)
				BeforeProcessingInitializeOnLoad (70ms)
				ProcessInitializeOnLoadAttributes (153ms)
				ProcessInitializeOnLoadMethodAttributes (26ms)
				AfterProcessingInitializeOnLoad (13ms)
				EditorAssembliesLoaded (0ms)
			ExecutionOrderSort2 (0ms)
			AwakeInstancesAfterBackupRestoration (5ms)
Platform modules already initialized, skipping
Refreshing native plugins compatible for Editor in 2.05 ms, found 3 plugins.
Preloading 0 native plugins for Editor in 0.00 ms.
Unloading 3265 Unused Serialized files (Serialized files now loaded: 0)
Unloading 79 unused Assets / (49.6 KB). Loaded Objects now: 3838.
Memory consumption went from 135.9 MB to 135.8 MB.
Total: 2.497000 ms (FindLiveObjects: 0.181300 ms CreateObjectMapping: 0.090200 ms MarkObjects: 2.160000 ms  DeleteObjects: 0.064800 ms)

AssetImportParameters requested are different than current active one (requested -> active):
  custom:video-decoder-ogg-theora: a1e56fd34408186e4bbccfd4996cb3dc -> 
  custom:container-muxer-webm: aa71ff27fc2769a1b78a27578f13a17b -> 
  custom:container-demuxer-webm: 4f35f7cbe854078d1ac9338744f61a02 -> 
  custom:video-encoder-webm-vp8: eb34c28f22e8b96e1ab97ce403110664 -> 
  custom:audio-encoder-webm-vorbis: bf7c407c2cedff20999df2af8eb42d56 -> 
  custom:framework-win-MediaFoundation: 216162199b28c13a410421893ffa2e32 -> 
  custom:container-demuxer-ogg: 62fdf1f143b41e24485cea50d1cbac27 -> 
  custom:video-decoder-webm-vp8: 9c59270c3fd7afecdb556c50c9e8de78 -> 
  custom:audio-decoder-ogg-vorbis: bf7c407c2cedff20999df2af8eb42d56 -> 
========================================================================
Received Prepare
Registering precompiled user dll's ...
Registered in 0.008528 seconds.
Begin MonoManager ReloadAssembly
Symbol file LoadedFromMemory doesn't match image C:\Users\Hoon\Desktop\Github\Monster_sword\Monster_sword\Library\PackageCache\com.unity.visualscripting@1.7.8\Editor\VisualScripting.Core\Dependencies\YamlDotNet\Unity.VisualScripting.YamlDotNet.dll
Symbol file LoadedFromMemory doesn't match image C:\Users\Hoon\Desktop\Github\Monster_sword\Monster_sword\Library\PackageCache\com.unity.visualscripting@1.7.8\Editor\VisualScripting.Core\Dependencies\DotNetZip\Unity.VisualScripting.IonicZip.dll
Native extension for WindowsStandalone target not found
Refreshing native plugins compatible for Editor in 0.40 ms, found 3 plugins.
Preloading 0 native plugins for Editor in 0.00 ms.
Mono: successfully reloaded assembly
- Completed reload, in  0.858 seconds
Domain Reload Profiling:
	ReloadAssembly (858ms)
		BeginReloadAssembly (120ms)
			ExecutionOrderSort (0ms)
			DisableScriptedObjects (4ms)
			BackupInstance (0ms)
			ReleaseScriptingObjects (0ms)
			CreateAndSetChildDomain (25ms)
		EndReloadAssembly (647ms)
			LoadAssemblies (86ms)
			RebuildTransferFunctionScriptingTraits (0ms)
			SetupTypeCache (215ms)
			ReleaseScriptCaches (1ms)
			RebuildScriptCaches (33ms)
			SetupLoadedEditorAssemblies (284ms)
				LogAssemblyErrors (0ms)
				InitializePlatformSupportModulesInManaged (14ms)
				SetLoadedEditorAssemblies (0ms)
				RefreshPlugins (0ms)
				BeforeProcessingInitializeOnLoad (69ms)
				ProcessInitializeOnLoadAttributes (160ms)
				ProcessInitializeOnLoadMethodAttributes (25ms)
				AfterProcessingInitializeOnLoad (15ms)
				EditorAssembliesLoaded (0ms)
			ExecutionOrderSort2 (0ms)
			AwakeInstancesAfterBackupRestoration (5ms)
Platform modules already initialized, skipping
Refreshing native plugins compatible for Editor in 1.83 ms, found 3 plugins.
Preloading 0 native plugins for Editor in 0.00 ms.
Unloading 3265 Unused Serialized files (Serialized files now loaded: 0)
Unloading 19 unused Assets / (49.6 KB). Loaded Objects now: 3841.
Memory consumption went from 134.1 MB to 134.1 MB.
Total: 2.128300 ms (FindLiveObjects: 0.178000 ms CreateObjectMapping: 0.089000 ms MarkObjects: 1.810300 ms  DeleteObjects: 0.050200 ms)

AssetImportParameters requested are different than current active one (requested -> active):
  custom:video-decoder-ogg-theora: a1e56fd34408186e4bbccfd4996cb3dc -> 
  custom:container-muxer-webm: aa71ff27fc2769a1b78a27578f13a17b -> 
  custom:container-demuxer-webm: 4f35f7cbe854078d1ac9338744f61a02 -> 
  custom:video-encoder-webm-vp8: eb34c28f22e8b96e1ab97ce403110664 -> 
  custom:audio-encoder-webm-vorbis: bf7c407c2cedff20999df2af8eb42d56 -> 
  custom:framework-win-MediaFoundation: 216162199b28c13a410421893ffa2e32 -> 
  custom:container-demuxer-ogg: 62fdf1f143b41e24485cea50d1cbac27 -> 
  custom:video-decoder-webm-vp8: 9c59270c3fd7afecdb556c50c9e8de78 -> 
  custom:audio-decoder-ogg-vorbis: bf7c407c2cedff20999df2af8eb42d56 -> 
========================================================================
Received Import Request.
  Time since last request: 48.865385 seconds.
  path: Assets/Newbie & Friends/Animations/Controllers/HeroAnimCntrl.controller
  artifactKey: Guid(3f5d6197ea747c942870be4a80363d98) Importer(815301076,1909f56bfc062723c751e8b465ee728b)
Start importing Assets/Newbie & Friends/Animations/Controllers/HeroAnimCntrl.controller using Guid(3f5d6197ea747c942870be4a80363d98) Importer(815301076,1909f56bfc062723c751e8b465ee728b)  -> (artifact id: 'b0aedb07584cd97495a0d76e7b89f78f') in 0.027891 seconds 
